Hand: 10S, 11S, 12S, 13S, 1S
Result: Natural royal flush
Payoff: 800
Expected: Natural royal flush
Test Passed: true

Hand: 5D, 6D, 7D, 8D, 9D
Result: Straight flush
Payoff: 9
Expected: Straight flush
Test Passed: true

Hand: 9C, 9D, 9H, 9S, 3S
Result: Four of a kind
Payoff: 5
Expected: Four of a kind
Test Passed: true

Hand: 8C, 8D, 8H, 3S, 3D
Result: Full house
Payoff: 3
Expected: Full house
Test Passed: true

Hand: 3S, 5S, 8S, 10S, 13S
Result: Flush
Payoff: 2
Expected: Flush
Test Passed: true

Hand: 4C, 5D, 6H, 7S, 8S
Result: Straight
Payoff: 2
Expected: Straight
Test Passed: true

Hand: 7C, 7D, 7H, 3S, 5D
Result: Three of a Kind
Payoff: 1
Expected: Three of a Kind
Test Passed: true

Hand: 3C, 5D, 7H, 9S, 13S
Result: No Pay Hand
Payoff: -1
Expected: No Pay Hand
Test Passed: true

Hand: 2S, 10S, 11S, 12S, 13S
Result: Wild royal flush
Payoff: 25
Expected: Wild royal flush
Test Passed: true

Hand: 2S, 9C, 9D, 9H, 9S
Result: Five of a kind
Payoff: 15
Expected: Five of a kind
Test Passed: true

Hand: 2S, 5D, 6D, 7D, 8D
Result: Straight flush
Payoff: 9
Expected: Straight flush
Test Passed: true

Hand: 2S, 9C, 9D, 9H, 3S
Result: Four of a kind
Payoff: 5
Expected: Four of a kind
Test Passed: true

Hand: 2S, 5S, 8S, 10S, 13S
Result: Flush
Payoff: 2
Expected: Flush
Test Passed: true

Hand: 2S, 4C, 5D, 6H, 7S
Result: Straight
Payoff: 2
Expected: Straight
Test Passed: true

Hand: 2S, 5D, 7H, 9S, 13S
Result: No Pay Hand
Payoff: -1
Expected: No Pay Hand
Test Passed: true

Hand: 2S, 2D, 10S, 11S, 12S
Result: Wild royal flush
Payoff: 25
Expected: Wild royal flush
Test Passed: true

Hand: 2S, 2D, 9C, 9D, 9H
Result: Five of a kind
Payoff: 15
Expected: Five of a kind
Test Passed: true

Hand: 2S, 2D, 5D, 6D, 7D
Result: Straight flush
Payoff: 9
Expected: Straight flush
Test Passed: true

Hand: 2S, 2D, 9C, 9D, 3S
Result: Four of a kind
Payoff: 5
Expected: Four of a kind
Test Passed: true

Hand: 2S, 2D, 5S, 8S, 13S
Result: Flush
Payoff: 2
Expected: Flush
Test Passed: true

Hand: 2S, 2D, 4C, 5D, 6H
Result: Straight
Payoff: 2
Expected: Straight
Test Passed: true

Hand: 2S, 2D, 2H, 10S, 11S
Result: Wild royal flush
Payoff: 25
Expected: Wild royal flush
Test Passed: true

Hand: 2S, 2D, 2H, 9C, 9D
Result: Five of a kind
Payoff: 15
Expected: Five of a kind
Test Passed: true

Hand: 2S, 2D, 2H, 5D, 6D
Result: Straight flush
Payoff: 9
Expected: Straight flush
Test Passed: true

Hand: 2S, 2D, 2H, 9C, 6D
Result: Four of a kind
Payoff: 5
Expected: Four of a kind
Test Passed: true

Hand: 2S, 2D, 2H, 2C, 10S
Result: Four deuces
Payoff: 200
Expected: Four deuces
Test Passed: true
